<?xml version="1.0" encoding="UTF-8"?>
<testsuite name="ohtu.verkkokauppa.KauppaTest" tests="7" skipped="0" failures="0" errors="0" timestamp="2020-11-23T21:15:35" hostname="lx8-fuxi051" time="0.77">
  <properties/>
  <testcase name="test1" classname="ohtu.verkkokauppa.KauppaTest" time="0.742"/>
  <testcase name="test2" classname="ohtu.verkkokauppa.KauppaTest" time="0.006"/>
  <testcase name="test3" classname="ohtu.verkkokauppa.KauppaTest" time="0.003"/>
  <testcase name="test4" classname="ohtu.verkkokauppa.KauppaTest" time="0.003"/>
  <testcase name="test5" classname="ohtu.verkkokauppa.KauppaTest" time="0.004"/>
  <testcase name="test6" classname="ohtu.verkkokauppa.KauppaTest" time="0.006"/>
  <testcase name="test7" classname="ohtu.verkkokauppa.KauppaTest" time="0.004"/>
  <system-out><![CDATA[]]></system-out>
  <system-err><![CDATA[]]></system-err>
</testsuite>
